<?xml version="1.0" encoding="UTF-8"?>
<!-- Generated by org.testng.reporters.JUnitReportReporter -->
<testsuite hostname="LAPTOP-V3UP2NQU" failures="0" tests="1" name="test_Fail.Facebook" time="7.356" errors="0" timestamp="2023-07-31T22:10:30 IST" skipped="0">
  <testcase classname="test_Fail.Facebook" name="amazon" time="7.356"/>
  <system-out/>
</testsuite> <!-- test_Fail.Facebook -->
