<?xml version="1.0" encoding="UTF-8"?>
<!-- Generated by org.testng.reporters.JUnitReportReporter -->
<testsuite hostname="LAPTOP-V3UP2NQU" failures="0" tests="2" name="testNG.TestNG_Annotation" time="23.153" errors="0" timestamp="2023-07-29T07:07:21 IST" skipped="0">
  <testcase classname="testNG.TestNG_Annotation" name="forgetpasswordClick" time="9.482"/>
  <system-out/>
  <testcase classname="testNG.TestNG_Annotation" name="login" time="13.671"/>
  <system-out/>
</testsuite> <!-- testNG.TestNG_Annotation -->
