<?xml version="1.0" encoding="UTF-8"?>
<!-- Generated by org.testng.reporters.JUnitReportReporter -->
<testsuite hostname="LAPTOP-V3UP2NQU" failures="0" tests="3" name="testNG_Sequential.Test2" time="0.039" errors="0" timestamp="2023-07-29T07:32:39 IST" skipped="0">
  <testcase classname="testNG_Sequential.Test2" name="demo3" time="0.015"/>
  <system-out/>
  <testcase classname="testNG_Sequential.Test2" name="demo2" time="0.002"/>
  <system-out/>
  <testcase classname="testNG_Sequential.Test2" name="demo1" time="0.022"/>
  <system-out/>
</testsuite> <!-- testNG_Sequential.Test2 -->
