<?xml version="1.0" encoding="UTF-8"?>
<!-- Generated by org.testng.reporters.JUnitReportReporter -->
<testsuite hostname="LAPTOP-V3UP2NQU" failures="0" tests="1" name="testNG_Parallel.Amazon" time="18.399" errors="0" timestamp="2023-07-31T22:21:08 IST" skipped="0">
  <testcase classname="testNG_Parallel.Amazon" name="amazon" time="18.399"/>
  <system-out/>
</testsuite> <!-- testNG_Parallel.Amazon -->
