<?xml version="1.0" encoding="UTF-8"?>
<!-- Generated by org.testng.reporters.JUnitReportReporter -->
<testsuite hostname="LAPTOP-V3UP2NQU" failures="0" tests="1" name="testNG_Parallel.Assertions" time="20.369" errors="0" timestamp="2023-07-31T22:05:40 IST" skipped="0">
  <testcase classname="testNG_Parallel.Assertions" name="Login" time="20.369"/>
  <system-out/>
</testsuite> <!-- testNG_Parallel.Assertions -->
