<?xml version="1.0" encoding="UTF-8"?>
<!-- Generated by org.testng.reporters.JUnitReportReporter -->
<testsuite hostname="LAPTOP-V3UP2NQU" failures="0" tests="1" name="testNG_Parallel.Facebook" time="7.411" errors="0" timestamp="2023-07-31T22:21:08 IST" skipped="0">
  <testcase classname="testNG_Parallel.Facebook" name="facebook" time="7.411"/>
  <system-out/>
</testsuite> <!-- testNG_Parallel.Facebook -->
