<?xml version="1.0" encoding="UTF-8"?>
<!-- Generated by org.testng.reporters.JUnitReportReporter -->
<testsuite hostname="LAPTOP-V3UP2NQU" failures="0" tests="1" name="testNG_Group.Invocation" time="0.003" errors="0" timestamp="2023-07-31T21:43:55 IST" skipped="0">
  <testcase classname="testNG_Group.Invocation" name="test2" time="0.003"/>
  <system-out/>
</testsuite> <!-- testNG_Group.Invocation -->
