<?xml version="1.0" encoding="UTF-8"?>
<!-- Generated by org.testng.reporters.JUnitReportReporter -->
<testsuite hostname="LAPTOP-V3UP2NQU" failures="0" tests="4" name="testNG.Priority_TestNG" time="0.024" errors="0" timestamp="2023-07-29T06:36:46 IST" skipped="1">
  <testcase classname="testNG.Priority_TestNG" name="test3" time="0.019"/>
  <system-out/>
  <testcase classname="testNG.Priority_TestNG" name="test3" time="0.003"/>
  <system-out/>
  <testcase classname="testNG.Priority_TestNG" name="test1" time="0.002"/>
  <system-out/>
  <testcase classname="testNG.Priority_TestNG" name="test2">
    <skipped/>
  </testcase> <!-- test2 -->
  <system-out/>
</testsuite> <!-- testNG.Priority_TestNG -->
