<?xml version="1.0" encoding="UTF-8"?>
<!-- Generated by org.testng.reporters.JUnitReportReporter -->
<testsuite hostname="LAPTOP-V3UP2NQU" failures="0" tests="1" name="test_Fail.Demo" time="8.969" errors="0" timestamp="2023-07-31T22:13:22 IST" skipped="0">
  <testcase classname="test_Fail.Demo" name="amazon" time="8.969"/>
  <system-out/>
</testsuite> <!-- test_Fail.Demo -->
