<?xml version="1.0" encoding="UTF-8"?>
<!-- Generated by org.testng.reporters.JUnitReportReporter -->
<testsuite hostname="LAPTOP-V3UP2NQU" failures="0" tests="3" name="testNG_Parallel.Data_Provider" time="16.844" errors="0" timestamp="2023-07-31T06:49:58 IST" skipped="0">
  <testcase classname="testNG_Parallel.Data_Provider" name="demo" time="5.925"/>
  <system-out/>
  <testcase classname="testNG_Parallel.Data_Provider" name="demo" time="5.462"/>
  <system-out/>
  <testcase classname="testNG_Parallel.Data_Provider" name="demo" time="5.457"/>
  <system-out/>
</testsuite> <!-- testNG_Parallel.Data_Provider -->
